[2026-04-13 16:30:40] [PASS] Health Check :: gateway + catalog + orders reachable
[2026-04-13 16:30:40] [FAIL] Customer Login :: No anti-forgery token found.
[2026-04-13 16:30:40] [PASS] Customer Points Before :: points=0
[2026-04-13 16:30:40] [FAIL] Pick Table :: GetBranchTables failed: <!doctype html>
<html lang="vi">
  <head>
    <meta charset="UTF-8" />
    <meta name="viewport" content="width=device-width, initial-scale=1.0" />
    <title>Self Restaurant</title>
    <link href="https://cdn.jsdelivr.net/npm/bootstrap@5.3.3/dist/css/bootstrap.min.css" rel="stylesheet" crossorigin="anonymous" />
    <link href="https://cdn.jsdelivr.net/npm/bootstrap-icons@1.11.3/font/bootstrap-icons.css" rel="stylesheet" />
    <link rel="stylesheet" href="https://cdnjs.cloudflare.com/ajax/libs/font-awesome/6.5.2/css/all.min.css" crossorigin="anonymous" referrerpolicy="no-referrer" />
    <link rel="preconnect" href="https://fonts.googleapis.com" />
    <link rel="preconnect" href="https://fonts.gstatic.com" crossorigin />
    <link href="https://fonts.googleapis.com/css2?family=Inter:wght@400;500;600;700&display=swap" rel="stylesheet" />
    <script type="module" crossorigin src="/assets/index-DiplSxba.js"></script>
    <link rel="stylesheet" crossorigin href="/assets/index-C0ot-74_.css">
  </head>
  <body>
    <div id="root"></div>
  </body>
</html>
[2026-04-13 16:30:40] [FAIL] Reset Table Before Flow :: The remote server returned an error: (404) Not Found.
[2026-04-13 16:30:41] [PASS] Pick Dish :: dishId=4
[2026-04-13 16:30:41] [FAIL] Customer Create Order :: The remote server returned an error: (404) Not Found.
[2026-04-13 16:30:41] [FAIL] Customer Scan Loyalty Card :: The remote server returned an error: (405) Method Not Allowed.
[2026-04-13 16:30:41] [FAIL] Customer Send To Kitchen :: The remote server returned an error: (405) Method Not Allowed.
[2026-04-13 16:30:41] [FAIL] Chef Login :: No anti-forgery token found.
[2026-04-13 16:30:41] [FAIL] Chef -> Customer PREPARING :: The remote server returned an error: (405) Method Not Allowed.
[2026-04-13 16:30:41] [FAIL] Chef -> Customer READY :: The remote server returned an error: (405) Method Not Allowed.
[2026-04-13 16:30:41] [FAIL] Cashier Login :: No anti-forgery token found.
[2026-04-13 16:30:41] [FAIL] Cashier Process Payment :: The remote server returned an error: (405) Method Not Allowed.
[2026-04-13 16:30:41] [FAIL] Cashier -> Customer COMPLETED :: Customer read COMPLETED failed: <!doctype html>
<html lang="vi">
  <head>
    <meta charset="UTF-8" />
    <meta name="viewport" content="width=device-width, initial-scale=1.0" />
    <title>Self Restaurant</title>
    <link href="https://cdn.jsdelivr.net/npm/bootstrap@5.3.3/dist/css/bootstrap.min.css" rel="stylesheet" crossorigin="anonymous" />
    <link href="https://cdn.jsdelivr.net/npm/bootstrap-icons@1.11.3/font/bootstrap-icons.css" rel="stylesheet" />
    <link rel="stylesheet" href="https://cdnjs.cloudflare.com/ajax/libs/font-awesome/6.5.2/css/all.min.css" crossorigin="anonymous" referrerpolicy="no-referrer" />
    <link rel="preconnect" href="https://fonts.googleapis.com" />
    <link rel="preconnect" href="https://fonts.gstatic.com" crossorigin />
    <link href="https://fonts.googleapis.com/css2?family=Inter:wght@400;500;600;700&display=swap" rel="stylesheet" />
    <script type="module" crossorigin src="/assets/index-DiplSxba.js"></script>
    <link rel="stylesheet" crossorigin href="/assets/index-C0ot-74_.css">
  </head>
  <body>
    <div id="root"></div>
  </body>
</html>
[2026-04-13 16:30:41] [FAIL] Customer Points Increased After Payment :: before=0 after=0
[2026-04-13 16:30:41] [FAIL] Reset Table After Flow :: The remote server returned an error: (404) Not Found.
